[20:44:26.840] [INFO] storybook v10.1.11
[20:44:26.941] [DEBUG] Getting package.json info for /Users/dzhakhbarova/Documents/code/PET 1 - Christmas shop/package.json...
[20:44:26.948] [WARN] Could not resolve addon "@storybook/addon-links", skipping. Is it installed?
[20:44:26.949] [WARN] Could not resolve addon "@storybook/addon-essentials", skipping. Is it installed?
[20:44:26.950] [WARN] Could not resolve addon "@storybook/addon-interactions", skipping. Is it installed?
[20:44:27.011] [WARN] Could not resolve addon "@storybook/addon-links", skipping. Is it installed?
[20:44:27.011] [WARN] Could not resolve addon "@storybook/addon-essentials", skipping. Is it installed?
[20:44:27.011] [WARN] Could not resolve addon "@storybook/addon-interactions", skipping. Is it installed?
[20:44:27.139] [INFO] Starting...
[20:44:27.146] [WARN] No story files found for the specified pattern: [34mstories/**/*.mdx[39m
[20:44:27.146] [WARN] No story files found for the specified pattern: [34mstories/**/*.stories.@(js|jsx|mjs|ts|tsx)[39m
[20:44:27.195] [DEBUG] Starting preview..
[20:44:27.200] [INFO] Addon-docs: using MDX3
[20:44:27.208] [INFO] Using implicit CSS loaders
[20:44:27.210] [INFO] Using default Webpack5 setup
[20:44:27.410] [DEBUG] Using tsconfig paths for react-docgen
[20:44:28.206] [ERROR] Failed to build the preview
[20:44:28.210] [WARN] Force closed preview build
[20:44:28.210] [ERROR] [38;2;241;97;97mSB_BUILDER-WEBPACK5_0003 (WebpackCompilationError): There were problems when compiling your code with Webpack.
Run Storybook with --debug-webpack for more information.[39m
    at starter (file:///Users/dzhakhbarova/Documents/code/PET%201%20-%20Christmas%20shop/node_modules/@storybook/builder-webpack5/dist/index.js:799:11)
    at starter.next (<anonymous>)
    at Module.start (file:///Users/dzhakhbarova/Documents/code/PET%201%20-%20Christmas%20shop/node_modules/@storybook/builder-webpack5/dist/index.js:857:34)
    at process.processTicksAndRejections (node:internal/process/task_queues:105:5)
    at async storybookDevServer (file:///Users/dzhakhbarova/Documents/code/PET%201%20-%20Christmas%20shop/node_modules/storybook/dist/core-server/index.js:6806:82)
    at async buildOrThrow (file:///Users/dzhakhbarova/Documents/code/PET%201%20-%20Christmas%20shop/node_modules/storybook/dist/core-server/index.js:5555:12)
    at async buildDevStandalone (file:///Users/dzhakhbarova/Documents/code/PET%201%20-%20Christmas%20shop/node_modules/storybook/dist/core-server/index.js:7208:66)
    at async withTelemetry (file:///Users/dzhakhbarova/Documents/code/PET%201%20-%20Christmas%20shop/node_modules/storybook/dist/_node-chunks/chunk-2372JZ52.js:209:12)
    at async dev (file:///Users/dzhakhbarova/Documents/code/PET%201%20-%20Christmas%20shop/node_modules/storybook/dist/bin/core.js:2734:3)
    at async _Command.<anonymous> (file:///Users/dzhakhbarova/Documents/code/PET%201%20-%20Christmas%20shop/node_modules/storybook/dist/bin/core.js:2801:92)
[20:44:28.211] [WARN] Broken build, fix the error above.
You may need to refresh the browser.
[20:44:28.213] [WARN] Could not resolve addon "@storybook/addon-links", skipping. Is it installed?
[20:44:28.213] [WARN] Could not resolve addon "@storybook/addon-essentials", skipping. Is it installed?
[20:44:28.213] [WARN] Could not resolve addon "@storybook/addon-interactions", skipping. Is it installed?